<?xml version="1.0" encoding="UTF-8"?>
<!-- Generated by org.testng.reporters.JUnitReportReporter -->
<testsuite hostname="DESKTOP-ER4UPD8" failures="0" tests="3" name="com.crm.qa.log4j.log4jtestclass" time="0.255" errors="0" timestamp="2020-02-06T16:35:02 EST" skipped="0">
  <testcase classname="com.crm.qa.log4j.log4jtestclass" name="setup" time="0.243"/>
  <system-out/>
  <testcase classname="com.crm.qa.log4j.log4jtestclass" name="login" time="0.008"/>
  <system-out/>
  <testcase classname="com.crm.qa.log4j.log4jtestclass" name="logout" time="0.004"/>
  <system-out/>
</testsuite> <!-- com.crm.qa.log4j.log4jtestclass -->
